<?xml version="1.0" encoding="UTF-8"?>
<testng-results skipped="0" failed="0" ignored="0" total="1" passed="1">
  <reporter-output>
  </reporter-output>
  <suite name="Default suite" duration-ms="110" started-at="2020-01-10T14:01:38 IST" finished-at="2020-01-10T14:01:39 IST">
    <groups>
    </groups>
    <test name="Default test" duration-ms="110" started-at="2020-01-10T14:01:38 IST" finished-at="2020-01-10T14:01:39 IST">
      <class name="practice.Test3">
        <test-method status="PASS" signature="checkLocalDate()[pri:0, instance:practice.Test3@31610302]" name="checkLocalDate" duration-ms="32" started-at="2020-01-10T14:01:38 IST" finished-at="2020-01-10T14:01:39 IST">
          <reporter-output>
          </reporter-output>
        </test-method> <!-- checkLocalDate -->
      </class> <!-- practice.Test3 -->
    </test> <!-- Default test -->
  </suite> <!-- Default suite -->
</testng-results>
